<?xml version="1.0" encoding="UTF-8"?>
<!-- Generated by org.testng.reporters.JUnitReportReporter -->
<testsuite hostname="DESKTOP-F2TN5GG" failures="0" tests="1" name="TestClasses.LoginTest" time="3.715" errors="0" timestamp="2025-06-21T14:46:55 IST" skipped="0">
  <testcase classname="TestClasses.LoginTest" name="testLogin" time="3.715"/>
</testsuite> <!-- TestClasses.LoginTest -->
